<!DOCTYPE html>

<html>
  <head>
  <meta charset='utf-8'>
  <title>TestNG reports</title>

    <link type="text/css" href="testng-reports.css" rel="stylesheet" />
    <script type="text/javascript" src="jquery-3.4.1.min.js"></script>
    <script type="text/javascript" src="testng-reports.js"></script>
    <script type="text/javascript" src="https://www.google.com/jsapi"></script>
    <script type='text/javascript'>
      google.load('visualization', '1', {packages:['table']});
      google.setOnLoadCallback(drawTable);
      var suiteTableInitFunctions = new Array();
      var suiteTableData = new Array();
    </script>
    <!--
      <script type="text/javascript" src="jquery-ui/js/jquery-ui-1.8.16.custom.min.js"></script>
     -->
  </head>

  <body>
    <div class="top-banner-root">
      <span class="top-banner-title-font">Test results</span>
      <br/>
      <span class="top-banner-font-1">1 suite, 7 failed tests</span>
    </div> <!-- top-banner-root -->
    <div class="navigator-root">
      <div class="navigator-suite-header">
        <span>All suites</span>
        <a href="#" title="Collapse/expand all the suites" class="collapse-all-link">
          <img src="collapseall.gif" class="collapse-all-icon">
          </img> <!-- collapse-all-icon -->
        </a> <!-- collapse-all-link -->
      </div> <!-- navigator-suite-header -->
      <div class="suite">
        <div class="rounded-window">
          <div class="suite-header light-rounded-window-top">
            <a href="#" panel-name="suite-Suite_1" class="navigator-link">
              <span class="suite-name border-failed">Suite 1</span>
            </a> <!-- navigator-link -->
          </div> <!-- suite-header light-rounded-window-top -->
          <div class="navigator-suite-content">
            <div class="suite-section-title">
              <span>Info</span>
            </div> <!-- suite-section-title -->
            <div class="suite-section-content">
              <ul>
                <li>
                  <a href="#" panel-name="test-xml-Suite_1" class="navigator-link ">
                    <span>C:\Users\Dell\eclipse-workspace\KISAAN New\Customer.xml</span>
                  </a> <!-- navigator-link  -->
                </li>
                <li>
                  <a href="#" panel-name="testlist-Suite_1" class="navigator-link ">
                    <span class="test-stats">1 test</span>
                  </a> <!-- navigator-link  -->
                </li>
                <li>
                  <a href="#" panel-name="group-Suite_1" class="navigator-link ">
                    <span>0 groups</span>
                  </a> <!-- navigator-link  -->
                </li>
                <li>
                  <a href="#" panel-name="times-Suite_1" class="navigator-link ">
                    <span>Times</span>
                  </a> <!-- navigator-link  -->
                </li>
                <li>
                  <a href="#" panel-name="reporter-Suite_1" class="navigator-link ">
                    <span>Reporter output</span>
                  </a> <!-- navigator-link  -->
                </li>
                <li>
                  <a href="#" panel-name="ignored-methods-Suite_1" class="navigator-link ">
                    <span>Ignored methods</span>
                  </a> <!-- navigator-link  -->
                </li>
                <li>
                  <a href="#" panel-name="chronological-Suite_1" class="navigator-link ">
                    <span>Chronological view</span>
                  </a> <!-- navigator-link  -->
                </li>
              </ul>
            </div> <!-- suite-section-content -->
            <div class="result-section">
              <div class="suite-section-title">
                <span>Results</span>
              </div> <!-- suite-section-title -->
              <div class="suite-section-content">
                <ul>
                  <li>
                    <span class="method-stats">21 methods, 7 failed,   14 passed</span>
                  </li>
                  <li>
                    <span class="method-list-title failed">Failed methods</span>
                    <span class="show-or-hide-methods failed">
                      <a href="#" panel-name="suite-Suite_1" class="hide-methods failed suite-Suite_1"> (hide)</a> <!-- hide-methods failed suite-Suite_1 -->
                      <a href="#" panel-name="suite-Suite_1" class="show-methods failed suite-Suite_1"> (show)</a> <!-- show-methods failed suite-Suite_1 -->
                    </span>
                    <div class="method-list-content failed suite-Suite_1">
                      <span>
                        <img src="failed.png" width="3%"/>
                        <a href="#" panel-name="suite-Suite_1" title="com.kisaan.customer.testcases.TC_19_Customer_MobileMoney_Checkout" class="method navigator-link" hash-for-method="customer_AddProductCheckout">customer_AddProductCheckout</a> <!-- method navigator-link -->
                      </span>
                      <br/>
                      <span>
                        <img src="failed.png" width="3%"/>
                        <a href="#" panel-name="suite-Suite_1" title="com.kisaan.customer.testcases.TC_18_Customer_CreditCard_Checkout" class="method navigator-link" hash-for-method="customer_AddProductCheckout">customer_AddProductCheckout</a> <!-- method navigator-link -->
                      </span>
                      <br/>
                      <span>
                        <img src="failed.png" width="3%"/>
                        <a href="#" panel-name="suite-Suite_1" title="com.kisaan.customer.testcases.TC_21_Customer_ShipToDifferentAddress" class="method navigator-link" hash-for-method="customer_AddProductCheckout">customer_AddProductCheckout</a> <!-- method navigator-link -->
                      </span>
                      <br/>
                      <span>
                        <img src="failed.png" width="3%"/>
                        <a href="#" panel-name="suite-Suite_1" title="com.kisaan.customer.testcases.TC_20_Customer_BankWire_Checkout" class="method navigator-link" hash-for-method="customer_AddProductCheckout">customer_AddProductCheckout</a> <!-- method navigator-link -->
                      </span>
                      <br/>
                      <span>
                        <img src="failed.png" width="3%"/>
                        <a href="#" panel-name="suite-Suite_1" title="com.kisaan.customer.testcases.TC_10_FilterProducts_Categories" class="method navigator-link" hash-for-method="customer_FilterProduct">customer_FilterProduct</a> <!-- method navigator-link -->
                      </span>
                      <br/>
                      <span>
                        <img src="failed.png" width="3%"/>
                        <a href="#" panel-name="suite-Suite_1" title="com.kisaan.customer.testcases.TC_14_VerifyGoogle_Link" class="method navigator-link" hash-for-method="verify_GoogleLink">verify_GoogleLink</a> <!-- method navigator-link -->
                      </span>
                      <br/>
                      <span>
                        <img src="failed.png" width="3%"/>
                        <a href="#" panel-name="suite-Suite_1" title="com.kisaan.customer.testcases.TC_15_VerifyTwitter_Link" class="method navigator-link" hash-for-method="verify_TwitterLink">verify_TwitterLink</a> <!-- method navigator-link -->
                      </span>
                      <br/>
                    </div> <!-- method-list-content failed suite-Suite_1 -->
                  </li>
                  <li>
                    <span class="method-list-title passed">Passed methods</span>
                    <span class="show-or-hide-methods passed">
                      <a href="#" panel-name="suite-Suite_1" class="hide-methods passed suite-Suite_1"> (hide)</a> <!-- hide-methods passed suite-Suite_1 -->
                      <a href="#" panel-name="suite-Suite_1" class="show-methods passed suite-Suite_1"> (show)</a> <!-- show-methods passed suite-Suite_1 -->
                    </span>
                    <div class="method-list-content passed suite-Suite_1">
                      <span>
                        <img src="passed.png" width="3%"/>
                        <a href="#" panel-name="suite-Suite_1" title="com.kisaan.customer.testcases.TC_09_ChangeExistingPassword" class="method navigator-link" hash-for-method="ChangeExistingPassword">ChangeExistingPassword</a> <!-- method navigator-link -->
                      </span>
                      <br/>
                      <span>
                        <img src="passed.png" width="3%"/>
                        <a href="#" panel-name="suite-Suite_1" title="com.kisaan.customer.testcases.TC_08_EditAddress" class="method navigator-link" hash-for-method="EditAddress">EditAddress</a> <!-- method navigator-link -->
                      </span>
                      <br/>
                      <span>
                        <img src="passed.png" width="3%"/>
                        <a href="#" panel-name="suite-Suite_1" title="com.kisaan.customer.testcases.TC_17_Customer_AddProduct_PickUp_Checkout" class="method navigator-link" hash-for-method="customer_AddProductCheckout">customer_AddProductCheckout</a> <!-- method navigator-link -->
                      </span>
                      <br/>
                      <span>
                        <img src="passed.png" width="3%"/>
                        <a href="#" panel-name="suite-Suite_1" title="com.kisaan.customer.testcases.TC_07_Customer_AddProductCheckout" class="method navigator-link" hash-for-method="customer_AddProductCheckout">customer_AddProductCheckout</a> <!-- method navigator-link -->
                      </span>
                      <br/>
                      <span>
                        <img src="passed.png" width="3%"/>
                        <a href="#" panel-name="suite-Suite_1" title="com.kisaan.customer.testcases.TC_04_Customer_AddProductToCart" class="method navigator-link" hash-for-method="customer_AddProductToCart">customer_AddProductToCart</a> <!-- method navigator-link -->
                      </span>
                      <br/>
                      <span>
                        <img src="passed.png" width="3%"/>
                        <a href="#" panel-name="suite-Suite_1" title="com.kisaan.customer.testcases.TC_05_Customer_DeleteProductFromCart" class="method navigator-link" hash-for-method="customer_DeleteProductFromCart">customer_DeleteProductFromCart</a> <!-- method navigator-link -->
                      </span>
                      <br/>
                      <span>
                        <img src="passed.png" width="3%"/>
                        <a href="#" panel-name="suite-Suite_1" title="com.kisaan.customer.testcases.TC_11_Customer_PlaceOrderMultipleProducts" class="method navigator-link" hash-for-method="customer_PlaceOrderMultipleProducts">customer_PlaceOrderMultipleProducts</a> <!-- method navigator-link -->
                      </span>
                      <br/>
                      <span>
                        <img src="passed.png" width="3%"/>
                        <a href="#" panel-name="suite-Suite_1" title="com.kisaan.customer.testcases.TC_03_Customer_SearchProduct" class="method navigator-link" hash-for-method="customer_SearchProduct">customer_SearchProduct</a> <!-- method navigator-link -->
                      </span>
                      <br/>
                      <span>
                        <img src="passed.png" width="3%"/>
                        <a href="#" panel-name="suite-Suite_1" title="com.kisaan.customer.testcases.TC_02_Customer_SignIn" class="method navigator-link" hash-for-method="customer_SignIn">customer_SignIn</a> <!-- method navigator-link -->
                      </span>
                      <br/>
                      <span>
                        <img src="passed.png" width="3%"/>
                        <a href="#" panel-name="suite-Suite_1" title="com.kisaan.customer.testcases.TC_12_Customer_SignOut" class="method navigator-link" hash-for-method="customer_SignOut">customer_SignOut</a> <!-- method navigator-link -->
                      </span>
                      <br/>
                      <span>
                        <img src="passed.png" width="3%"/>
                        <a href="#" panel-name="suite-Suite_1" title="com.kisaan.customer.testcases.TC_01_Customer_SignUp" class="method navigator-link" hash-for-method="customer_SignUp">customer_SignUp</a> <!-- method navigator-link -->
                      </span>
                      <br/>
                      <span>
                        <img src="passed.png" width="3%"/>
                        <a href="#" panel-name="suite-Suite_1" title="com.kisaan.customer.testcases.TC_06_Customer_UpdateProductQuantity" class="method navigator-link" hash-for-method="customer_UpdateProductQuantity">customer_UpdateProductQuantity</a> <!-- method navigator-link -->
                      </span>
                      <br/>
                      <span>
                        <img src="passed.png" width="3%"/>
                        <a href="#" panel-name="suite-Suite_1" title="com.kisaan.customer.testcases.TC_13_VerifyFacebook_Link" class="method navigator-link" hash-for-method="verify_FacebookLink">verify_FacebookLink</a> <!-- method navigator-link -->
                      </span>
                      <br/>
                      <span>
                        <img src="passed.png" width="3%"/>
                        <a href="#" panel-name="suite-Suite_1" title="com.kisaan.customer.testcases.TC_16_VerifyLinkedin_Link" class="method navigator-link" hash-for-method="verify_LinkedinLink">verify_LinkedinLink</a> <!-- method navigator-link -->
                      </span>
                      <br/>
                    </div> <!-- method-list-content passed suite-Suite_1 -->
                  </li>
                </ul>
              </div> <!-- suite-section-content -->
            </div> <!-- result-section -->
          </div> <!-- navigator-suite-content -->
        </div> <!-- rounded-window -->
      </div> <!-- suite -->
    </div> <!-- navigator-root -->
    <div class="wrapper">
      <div class="main-panel-root">
        <div panel-name="suite-Suite_1" class="panel Suite_1">
          <div class="suite-Suite_1-class-failed">
            <div class="main-panel-header rounded-window-top">
              <img src="failed.png"/>
              <span class="class-name">com.kisaan.customer.testcases.TC_20_Customer_BankWire_Checkout</span>
            </div> <!-- main-panel-header rounded-window-top -->
            <div class="main-panel-content rounded-window-bottom">
              <div class="method">
                <div class="method-content">
                  <a name="customer_AddProductCheckout">
                  </a> <!-- customer_AddProductCheckout -->
                  <span class="method-name">customer_AddProductCheckout</span>
                  <div class="stack-trace">org.openqa.selenium.NoSuchElementException: no such element: Unable to locate element: {&quot;method&quot;:&quot;xpath&quot;,&quot;selector&quot;:&quot;//option[text()=&apos;Bank Wire&apos;]&quot;}
  (Session info: chrome=89.0.4389.90)
For documentation on this error, please visit: https://www.seleniumhq.org/exceptions/no_such_element.html
Build info: version: &apos;3.141.59&apos;, revision: &apos;e82be7d358&apos;, time: &apos;2018-11-14T08:17:03&apos;
System info: host: &apos;DESKTOP-N5Q8SR4&apos;, ip: &apos;172.16.16.27&apos;, os.name: &apos;Windows 10&apos;, os.arch: &apos;amd64&apos;, os.version: &apos;10.0&apos;, java.version: &apos;11.0.9&apos;
Driver info: org.openqa.selenium.chrome.ChromeDriver
Capabilities {acceptInsecureCerts: false, browserName: chrome, browserVersion: 89.0.4389.90, chrome: {chromedriverVersion: 89.0.4389.23 (61b08ee2c5002..., userDataDir: C:\Users\Dell\AppData\Local...}, goog:chromeOptions: {debuggerAddress: localhost:52845}, javascriptEnabled: true, networkConnectionEnabled: false, pageLoadStrategy: normal, platform: WINDOWS, platformName: WINDOWS, proxy: Proxy(), setWindowRect: true, strictFileInteractability: false, timeouts: {implicit: 0, pageLoad: 300000, script: 30000}, unhandledPromptBehavior: dismiss and notify, webauthn:extension:largeBlob: true, webauthn:virtualAuthenticators: true}
Session ID: f2af999b5f96b476b302ac03c9543d75
*** Element info: {Using=xpath, value=//option[text()=&apos;Bank Wire&apos;]}
	at org.openqa.selenium.remote.http.W3CHttpResponseCodec.createException(W3CHttpResponseCodec.java:187)
	at org.openqa.selenium.remote.http.W3CHttpResponseCodec.decode(W3CHttpResponseCodec.java:122)
	at org.openqa.selenium.remote.http.W3CHttpResponseCodec.decode(W3CHttpResponseCodec.java:49)
	at org.openqa.selenium.remote.HttpCommandExecutor.execute(HttpCommandExecutor.java:158)
	at org.openqa.selenium.remote.service.DriverCommandExecutor.execute(DriverCommandExecutor.java:83)
	at org.openqa.selenium.remote.RemoteWebDriver.execute(RemoteWebDriver.java:552)
	at org.openqa.selenium.remote.RemoteWebDriver.findElement(RemoteWebDriver.java:323)
	at org.openqa.selenium.remote.RemoteWebDriver.findElementByXPath(RemoteWebDriver.java:428)
	at org.openqa.selenium.By$ByXPath.findElement(By.java:353)
	at org.openqa.selenium.remote.RemoteWebDriver.findElement(RemoteWebDriver.java:315)
	at com.kisaan.customer.pageobjects.Checkout_Page.select_PaymentMethod(Checkout_Page.java:184)
	at com.kisaan.customer.testcases.TC_20_Customer_BankWire_Checkout.customer_AddProductCheckout(TC_20_Customer_BankWire_Checkout.java:58)
	at java.base/java.util.ArrayList.forEach(ArrayList.java:1541)
... Removed 30 stack frames
</div> <!-- stack-trace -->
                </div> <!-- method-content -->
              </div> <!-- method -->
            </div> <!-- main-panel-content rounded-window-bottom -->
          </div> <!-- suite-Suite_1-class-failed -->
          <div class="suite-Suite_1-class-failed">
            <div class="main-panel-header rounded-window-top">
              <img src="failed.png"/>
              <span class="class-name">com.kisaan.customer.testcases.TC_18_Customer_CreditCard_Checkout</span>
            </div> <!-- main-panel-header rounded-window-top -->
            <div class="main-panel-content rounded-window-bottom">
              <div class="method">
                <div class="method-content">
                  <a name="customer_AddProductCheckout">
                  </a> <!-- customer_AddProductCheckout -->
                  <span class="method-name">customer_AddProductCheckout</span>
                  <div class="stack-trace">org.openqa.selenium.NoSuchElementException: no such element: Unable to locate element: {&quot;method&quot;:&quot;xpath&quot;,&quot;selector&quot;:&quot;//option[text()=&apos;Credit Card&apos;]&quot;}
  (Session info: chrome=89.0.4389.90)
For documentation on this error, please visit: https://www.seleniumhq.org/exceptions/no_such_element.html
Build info: version: &apos;3.141.59&apos;, revision: &apos;e82be7d358&apos;, time: &apos;2018-11-14T08:17:03&apos;
System info: host: &apos;DESKTOP-N5Q8SR4&apos;, ip: &apos;172.16.16.27&apos;, os.name: &apos;Windows 10&apos;, os.arch: &apos;amd64&apos;, os.version: &apos;10.0&apos;, java.version: &apos;11.0.9&apos;
Driver info: org.openqa.selenium.chrome.ChromeDriver
Capabilities {acceptInsecureCerts: false, browserName: chrome, browserVersion: 89.0.4389.90, chrome: {chromedriverVersion: 89.0.4389.23 (61b08ee2c5002..., userDataDir: C:\Users\Dell\AppData\Local...}, goog:chromeOptions: {debuggerAddress: localhost:51830}, javascriptEnabled: true, networkConnectionEnabled: false, pageLoadStrategy: normal, platform: WINDOWS, platformName: WINDOWS, proxy: Proxy(), setWindowRect: true, strictFileInteractability: false, timeouts: {implicit: 0, pageLoad: 300000, script: 30000}, unhandledPromptBehavior: dismiss and notify, webauthn:extension:largeBlob: true, webauthn:virtualAuthenticators: true}
Session ID: 2c77fe7739807caf84dad4b3b0d6fda4
*** Element info: {Using=xpath, value=//option[text()=&apos;Credit Card&apos;]}
	at org.openqa.selenium.remote.http.W3CHttpResponseCodec.createException(W3CHttpResponseCodec.java:187)
	at org.openqa.selenium.remote.http.W3CHttpResponseCodec.decode(W3CHttpResponseCodec.java:122)
	at org.openqa.selenium.remote.http.W3CHttpResponseCodec.decode(W3CHttpResponseCodec.java:49)
	at org.openqa.selenium.remote.HttpCommandExecutor.execute(HttpCommandExecutor.java:158)
	at org.openqa.selenium.remote.service.DriverCommandExecutor.execute(DriverCommandExecutor.java:83)
	at org.openqa.selenium.remote.RemoteWebDriver.execute(RemoteWebDriver.java:552)
	at org.openqa.selenium.remote.RemoteWebDriver.findElement(RemoteWebDriver.java:323)
	at org.openqa.selenium.remote.RemoteWebDriver.findElementByXPath(RemoteWebDriver.java:428)
	at org.openqa.selenium.By$ByXPath.findElement(By.java:353)
	at org.openqa.selenium.remote.RemoteWebDriver.findElement(RemoteWebDriver.java:315)
	at com.kisaan.customer.pageobjects.Checkout_Page.select_PaymentMethod(Checkout_Page.java:184)
	at com.kisaan.customer.testcases.TC_18_Customer_CreditCard_Checkout.customer_AddProductCheckout(TC_18_Customer_CreditCard_Checkout.java:58)
	at java.base/java.util.ArrayList.forEach(ArrayList.java:1541)
... Removed 30 stack frames
</div> <!-- stack-trace -->
                </div> <!-- method-content -->
              </div> <!-- method -->
            </div> <!-- main-panel-content rounded-window-bottom -->
          </div> <!-- suite-Suite_1-class-failed -->
          <div class="suite-Suite_1-class-failed">
            <div class="main-panel-header rounded-window-top">
              <img src="failed.png"/>
              <span class="class-name">com.kisaan.customer.testcases.TC_14_VerifyGoogle_Link</span>
            </div> <!-- main-panel-header rounded-window-top -->
            <div class="main-panel-content rounded-window-bottom">
              <div class="method">
                <div class="method-content">
                  <a name="verify_GoogleLink">
                  </a> <!-- verify_GoogleLink -->
                  <span class="method-name">verify_GoogleLink</span>
                  <div class="stack-trace">org.openqa.selenium.InvalidSelectorException: invalid selector: An invalid or illegal selector was specified
  (Session info: chrome=89.0.4389.90)
For documentation on this error, please visit: https://www.seleniumhq.org/exceptions/invalid_selector_exception.html
Build info: version: &apos;3.141.59&apos;, revision: &apos;e82be7d358&apos;, time: &apos;2018-11-14T08:17:03&apos;
System info: host: &apos;DESKTOP-N5Q8SR4&apos;, ip: &apos;172.16.16.27&apos;, os.name: &apos;Windows 10&apos;, os.arch: &apos;amd64&apos;, os.version: &apos;10.0&apos;, java.version: &apos;11.0.9&apos;
Driver info: org.openqa.selenium.chrome.ChromeDriver
Capabilities {acceptInsecureCerts: false, browserName: chrome, browserVersion: 89.0.4389.90, chrome: {chromedriverVersion: 89.0.4389.23 (61b08ee2c5002..., userDataDir: C:\Users\Dell\AppData\Local...}, goog:chromeOptions: {debuggerAddress: localhost:50596}, javascriptEnabled: true, networkConnectionEnabled: false, pageLoadStrategy: normal, platform: WINDOWS, platformName: WINDOWS, proxy: Proxy(), setWindowRect: true, strictFileInteractability: false, timeouts: {implicit: 0, pageLoad: 300000, script: 30000}, unhandledPromptBehavior: dismiss and notify, webauthn:extension:largeBlob: true, webauthn:virtualAuthenticators: true}
Session ID: 6b029375ec0635bb80a0b550d2705879
*** Element info: {Using=id, value=}
	at org.openqa.selenium.remote.http.W3CHttpResponseCodec.createException(W3CHttpResponseCodec.java:187)
	at org.openqa.selenium.remote.http.W3CHttpResponseCodec.decode(W3CHttpResponseCodec.java:122)
	at org.openqa.selenium.remote.http.W3CHttpResponseCodec.decode(W3CHttpResponseCodec.java:49)
	at org.openqa.selenium.remote.HttpCommandExecutor.execute(HttpCommandExecutor.java:158)
	at org.openqa.selenium.remote.service.DriverCommandExecutor.execute(DriverCommandExecutor.java:83)
	at org.openqa.selenium.remote.RemoteWebDriver.execute(RemoteWebDriver.java:552)
	at org.openqa.selenium.remote.RemoteWebDriver.findElement(RemoteWebDriver.java:323)
	at org.openqa.selenium.remote.RemoteWebDriver.findElementById(RemoteWebDriver.java:372)
	at org.openqa.selenium.By$ById.findElement(By.java:188)
	at org.openqa.selenium.remote.RemoteWebDriver.findElement(RemoteWebDriver.java:315)
	at org.openqa.selenium.support.pagefactory.DefaultElementLocator.findElement(DefaultElementLocator.java:69)
	at org.openqa.selenium.support.pagefactory.internal.LocatingElementHandler.invoke(LocatingElementHandler.java:38)
	at com.sun.proxy.$Proxy18.isDisplayed(Unknown Source)
	at com.kisaan.customer.pageobjects.HomePage.verify_Google_Page(HomePage.java:235)
	at com.kisaan.customer.testcases.TC_14_VerifyGoogle_Link.verify_GoogleLink(TC_14_VerifyGoogle_Link.java:35)
	at java.base/java.util.ArrayList.forEach(ArrayList.java:1541)
... Removed 30 stack frames
</div> <!-- stack-trace -->
                </div> <!-- method-content -->
              </div> <!-- method -->
            </div> <!-- main-panel-content rounded-window-bottom -->
          </div> <!-- suite-Suite_1-class-failed -->
          <div class="suite-Suite_1-class-failed">
            <div class="main-panel-header rounded-window-top">
              <img src="failed.png"/>
              <span class="class-name">com.kisaan.customer.testcases.TC_15_VerifyTwitter_Link</span>
            </div> <!-- main-panel-header rounded-window-top -->
            <div class="main-panel-content rounded-window-bottom">
              <div class="method">
                <div class="method-content">
                  <a name="verify_TwitterLink">
                  </a> <!-- verify_TwitterLink -->
                  <span class="method-name">verify_TwitterLink</span>
                  <div class="stack-trace">org.openqa.selenium.NoSuchElementException: no such element: Unable to locate element: {&quot;method&quot;:&quot;xpath&quot;,&quot;selector&quot;:&quot;//span[normalize-space()=&apos;Join Twitter today.&apos;]&quot;}
  (Session info: chrome=89.0.4389.90)
For documentation on this error, please visit: https://www.seleniumhq.org/exceptions/no_such_element.html
Build info: version: &apos;3.141.59&apos;, revision: &apos;e82be7d358&apos;, time: &apos;2018-11-14T08:17:03&apos;
System info: host: &apos;DESKTOP-N5Q8SR4&apos;, ip: &apos;172.16.16.27&apos;, os.name: &apos;Windows 10&apos;, os.arch: &apos;amd64&apos;, os.version: &apos;10.0&apos;, java.version: &apos;11.0.9&apos;
Driver info: org.openqa.selenium.chrome.ChromeDriver
Capabilities {acceptInsecureCerts: false, browserName: chrome, browserVersion: 89.0.4389.90, chrome: {chromedriverVersion: 89.0.4389.23 (61b08ee2c5002..., userDataDir: C:\Users\Dell\AppData\Local...}, goog:chromeOptions: {debuggerAddress: localhost:50962}, javascriptEnabled: true, networkConnectionEnabled: false, pageLoadStrategy: normal, platform: WINDOWS, platformName: WINDOWS, proxy: Proxy(), setWindowRect: true, strictFileInteractability: false, timeouts: {implicit: 0, pageLoad: 300000, script: 30000}, unhandledPromptBehavior: dismiss and notify, webauthn:extension:largeBlob: true, webauthn:virtualAuthenticators: true}
Session ID: a3a6bf1ab256101f1215283a762fb1c1
*** Element info: {Using=xpath, value=//span[normalize-space()=&apos;Join Twitter today.&apos;]}
	at org.openqa.selenium.remote.http.W3CHttpResponseCodec.createException(W3CHttpResponseCodec.java:187)
	at org.openqa.selenium.remote.http.W3CHttpResponseCodec.decode(W3CHttpResponseCodec.java:122)
	at org.openqa.selenium.remote.http.W3CHttpResponseCodec.decode(W3CHttpResponseCodec.java:49)
	at org.openqa.selenium.remote.HttpCommandExecutor.execute(HttpCommandExecutor.java:158)
	at org.openqa.selenium.remote.service.DriverCommandExecutor.execute(DriverCommandExecutor.java:83)
	at org.openqa.selenium.remote.RemoteWebDriver.execute(RemoteWebDriver.java:552)
	at org.openqa.selenium.remote.RemoteWebDriver.findElement(RemoteWebDriver.java:323)
	at org.openqa.selenium.remote.RemoteWebDriver.findElementByXPath(RemoteWebDriver.java:428)
	at org.openqa.selenium.By$ByXPath.findElement(By.java:353)
	at org.openqa.selenium.remote.RemoteWebDriver.findElement(RemoteWebDriver.java:315)
	at org.openqa.selenium.support.pagefactory.DefaultElementLocator.findElement(DefaultElementLocator.java:69)
	at org.openqa.selenium.support.pagefactory.internal.LocatingElementHandler.invoke(LocatingElementHandler.java:38)
	at com.sun.proxy.$Proxy18.isDisplayed(Unknown Source)
	at com.kisaan.customer.pageobjects.HomePage.verify_Twitter_Page(HomePage.java:245)
	at com.kisaan.customer.testcases.TC_15_VerifyTwitter_Link.verify_TwitterLink(TC_15_VerifyTwitter_Link.java:35)
	at java.base/java.util.ArrayList.forEach(ArrayList.java:1541)
... Removed 30 stack frames
</div> <!-- stack-trace -->
                </div> <!-- method-content -->
              </div> <!-- method -->
            </div> <!-- main-panel-content rounded-window-bottom -->
          </div> <!-- suite-Suite_1-class-failed -->
          <div class="suite-Suite_1-class-failed">
            <div class="main-panel-header rounded-window-top">
              <img src="failed.png"/>
              <span class="class-name">com.kisaan.customer.testcases.TC_19_Customer_MobileMoney_Checkout</span>
            </div> <!-- main-panel-header rounded-window-top -->
            <div class="main-panel-content rounded-window-bottom">
              <div class="method">
                <div class="method-content">
                  <a name="customer_AddProductCheckout">
                  </a> <!-- customer_AddProductCheckout -->
                  <span class="method-name">customer_AddProductCheckout</span>
                  <div class="stack-trace">org.openqa.selenium.NoSuchElementException: no such element: Unable to locate element: {&quot;method&quot;:&quot;css selector&quot;,&quot;selector&quot;:&quot;*[name=&apos;name&apos;]&quot;}
  (Session info: chrome=89.0.4389.90)
For documentation on this error, please visit: https://www.seleniumhq.org/exceptions/no_such_element.html
Build info: version: &apos;3.141.59&apos;, revision: &apos;e82be7d358&apos;, time: &apos;2018-11-14T08:17:03&apos;
System info: host: &apos;DESKTOP-N5Q8SR4&apos;, ip: &apos;172.16.16.27&apos;, os.name: &apos;Windows 10&apos;, os.arch: &apos;amd64&apos;, os.version: &apos;10.0&apos;, java.version: &apos;11.0.9&apos;
Driver info: org.openqa.selenium.chrome.ChromeDriver
Capabilities {acceptInsecureCerts: false, browserName: chrome, browserVersion: 89.0.4389.90, chrome: {chromedriverVersion: 89.0.4389.23 (61b08ee2c5002..., userDataDir: C:\Users\Dell\AppData\Local...}, goog:chromeOptions: {debuggerAddress: localhost:52286}, javascriptEnabled: true, networkConnectionEnabled: false, pageLoadStrategy: normal, platform: WINDOWS, platformName: WINDOWS, proxy: Proxy(), setWindowRect: true, strictFileInteractability: false, timeouts: {implicit: 0, pageLoad: 300000, script: 30000}, unhandledPromptBehavior: dismiss and notify, webauthn:extension:largeBlob: true, webauthn:virtualAuthenticators: true}
Session ID: 7a80579efb73937cec138c755f31adc7
*** Element info: {Using=name, value=name}
	at org.openqa.selenium.remote.http.W3CHttpResponseCodec.createException(W3CHttpResponseCodec.java:187)
	at org.openqa.selenium.remote.http.W3CHttpResponseCodec.decode(W3CHttpResponseCodec.java:122)
	at org.openqa.selenium.remote.http.W3CHttpResponseCodec.decode(W3CHttpResponseCodec.java:49)
	at org.openqa.selenium.remote.HttpCommandExecutor.execute(HttpCommandExecutor.java:158)
	at org.openqa.selenium.remote.service.DriverCommandExecutor.execute(DriverCommandExecutor.java:83)
	at org.openqa.selenium.remote.RemoteWebDriver.execute(RemoteWebDriver.java:552)
	at org.openqa.selenium.remote.RemoteWebDriver.findElement(RemoteWebDriver.java:323)
	at org.openqa.selenium.remote.RemoteWebDriver.findElementByName(RemoteWebDriver.java:404)
	at org.openqa.selenium.By$ByName.findElement(By.java:284)
	at org.openqa.selenium.remote.RemoteWebDriver.findElement(RemoteWebDriver.java:315)
	at org.openqa.selenium.support.pagefactory.DefaultElementLocator.findElement(DefaultElementLocator.java:69)
	at org.openqa.selenium.support.pagefactory.internal.LocatingElementHandler.invoke(LocatingElementHandler.java:38)
	at com.sun.proxy.$Proxy18.clear(Unknown Source)
	at com.kisaan.customer.pageobjects.Checkout_Page.enter_FullName(Checkout_Page.java:135)
	at com.kisaan.customer.testcases.TC_19_Customer_MobileMoney_Checkout.customer_AddProductCheckout(TC_19_Customer_MobileMoney_Checkout.java:52)
	at java.base/java.util.ArrayList.forEach(ArrayList.java:1541)
... Removed 30 stack frames
</div> <!-- stack-trace -->
                </div> <!-- method-content -->
              </div> <!-- method -->
            </div> <!-- main-panel-content rounded-window-bottom -->
          </div> <!-- suite-Suite_1-class-failed -->
          <div class="suite-Suite_1-class-failed">
            <div class="main-panel-header rounded-window-top">
              <img src="failed.png"/>
              <span class="class-name">com.kisaan.customer.testcases.TC_10_FilterProducts_Categories</span>
            </div> <!-- main-panel-header rounded-window-top -->
            <div class="main-panel-content rounded-window-bottom">
              <div class="method">
                <div class="method-content">
                  <a name="customer_FilterProduct">
                  </a> <!-- customer_FilterProduct -->
                  <span class="method-name">customer_FilterProduct</span>
                  <div class="stack-trace">org.openqa.selenium.NoSuchElementException: no such element: Unable to locate element: {&quot;method&quot;:&quot;xpath&quot;,&quot;selector&quot;:&quot;//ul[@class=&apos;list-type-1&apos;]//a[normalize-space()=&apos;Fruits&apos;]&quot;}
  (Session info: chrome=89.0.4389.90)
For documentation on this error, please visit: https://www.seleniumhq.org/exceptions/no_such_element.html
Build info: version: &apos;3.141.59&apos;, revision: &apos;e82be7d358&apos;, time: &apos;2018-11-14T08:17:03&apos;
System info: host: &apos;DESKTOP-N5Q8SR4&apos;, ip: &apos;172.16.16.27&apos;, os.name: &apos;Windows 10&apos;, os.arch: &apos;amd64&apos;, os.version: &apos;10.0&apos;, java.version: &apos;11.0.9&apos;
Driver info: org.openqa.selenium.chrome.ChromeDriver
Capabilities {acceptInsecureCerts: false, browserName: chrome, browserVersion: 89.0.4389.90, chrome: {chromedriverVersion: 89.0.4389.23 (61b08ee2c5002..., userDataDir: C:\Users\Dell\AppData\Local...}, goog:chromeOptions: {debuggerAddress: localhost:54205}, javascriptEnabled: true, networkConnectionEnabled: false, pageLoadStrategy: normal, platform: WINDOWS, platformName: WINDOWS, proxy: Proxy(), setWindowRect: true, strictFileInteractability: false, timeouts: {implicit: 0, pageLoad: 300000, script: 30000}, unhandledPromptBehavior: dismiss and notify, webauthn:extension:largeBlob: true, webauthn:virtualAuthenticators: true}
Session ID: ae48d6e093ab34783ada12a77b0c0b1d
*** Element info: {Using=xpath, value=//ul[@class=&apos;list-type-1&apos;]//a[normalize-space()=&apos;Fruits&apos;]}
	at org.openqa.selenium.remote.http.W3CHttpResponseCodec.createException(W3CHttpResponseCodec.java:187)
	at org.openqa.selenium.remote.http.W3CHttpResponseCodec.decode(W3CHttpResponseCodec.java:122)
	at org.openqa.selenium.remote.http.W3CHttpResponseCodec.decode(W3CHttpResponseCodec.java:49)
	at org.openqa.selenium.remote.HttpCommandExecutor.execute(HttpCommandExecutor.java:158)
	at org.openqa.selenium.remote.service.DriverCommandExecutor.execute(DriverCommandExecutor.java:83)
	at org.openqa.selenium.remote.RemoteWebDriver.execute(RemoteWebDriver.java:552)
	at org.openqa.selenium.remote.RemoteWebDriver.findElement(RemoteWebDriver.java:323)
	at org.openqa.selenium.remote.RemoteWebDriver.findElementByXPath(RemoteWebDriver.java:428)
	at org.openqa.selenium.By$ByXPath.findElement(By.java:353)
	at org.openqa.selenium.remote.RemoteWebDriver.findElement(RemoteWebDriver.java:315)
	at com.kisaan.customer.pageobjects.Dashboard_Page.select_Product(Dashboard_Page.java:113)
	at com.kisaan.customer.testcases.TC_10_FilterProducts_Categories.customer_FilterProduct(TC_10_FilterProducts_Categories.java:36)
	at java.base/java.util.ArrayList.forEach(ArrayList.java:1541)
... Removed 31 stack frames
</div> <!-- stack-trace -->
                </div> <!-- method-content -->
              </div> <!-- method -->
            </div> <!-- main-panel-content rounded-window-bottom -->
          </div> <!-- suite-Suite_1-class-failed -->
          <div class="suite-Suite_1-class-failed">
            <div class="main-panel-header rounded-window-top">
              <img src="failed.png"/>
              <span class="class-name">com.kisaan.customer.testcases.TC_21_Customer_ShipToDifferentAddress</span>
            </div> <!-- main-panel-header rounded-window-top -->
            <div class="main-panel-content rounded-window-bottom">
              <div class="method">
                <div class="method-content">
                  <a name="customer_AddProductCheckout">
                  </a> <!-- customer_AddProductCheckout -->
                  <span class="method-name">customer_AddProductCheckout</span>
                  <div class="stack-trace">org.openqa.selenium.NoSuchElementException: no such element: Unable to locate element: {&quot;method&quot;:&quot;xpath&quot;,&quot;selector&quot;:&quot;//span[contains(text(),&apos;Successfully Added To Cart&apos;)]&quot;}
  (Session info: chrome=89.0.4389.90)
For documentation on this error, please visit: https://www.seleniumhq.org/exceptions/no_such_element.html
Build info: version: &apos;3.141.59&apos;, revision: &apos;e82be7d358&apos;, time: &apos;2018-11-14T08:17:03&apos;
System info: host: &apos;DESKTOP-N5Q8SR4&apos;, ip: &apos;172.16.16.27&apos;, os.name: &apos;Windows 10&apos;, os.arch: &apos;amd64&apos;, os.version: &apos;10.0&apos;, java.version: &apos;11.0.9&apos;
Driver info: org.openqa.selenium.chrome.ChromeDriver
Capabilities {acceptInsecureCerts: false, browserName: chrome, browserVersion: 89.0.4389.90, chrome: {chromedriverVersion: 89.0.4389.23 (61b08ee2c5002..., userDataDir: C:\Users\Dell\AppData\Local...}, goog:chromeOptions: {debuggerAddress: localhost:52903}, javascriptEnabled: true, networkConnectionEnabled: false, pageLoadStrategy: normal, platform: WINDOWS, platformName: WINDOWS, proxy: Proxy(), setWindowRect: true, strictFileInteractability: false, timeouts: {implicit: 0, pageLoad: 300000, script: 30000}, unhandledPromptBehavior: dismiss and notify, webauthn:extension:largeBlob: true, webauthn:virtualAuthenticators: true}
Session ID: 6b0c3e6a1956f62404a5f39bba2edd98
*** Element info: {Using=xpath, value=//span[contains(text(),&apos;Successfully Added To Cart&apos;)]}
	at org.openqa.selenium.remote.http.W3CHttpResponseCodec.createException(W3CHttpResponseCodec.java:187)
	at org.openqa.selenium.remote.http.W3CHttpResponseCodec.decode(W3CHttpResponseCodec.java:122)
	at org.openqa.selenium.remote.http.W3CHttpResponseCodec.decode(W3CHttpResponseCodec.java:49)
	at org.openqa.selenium.remote.HttpCommandExecutor.execute(HttpCommandExecutor.java:158)
	at org.openqa.selenium.remote.service.DriverCommandExecutor.execute(DriverCommandExecutor.java:83)
	at org.openqa.selenium.remote.RemoteWebDriver.execute(RemoteWebDriver.java:552)
	at org.openqa.selenium.remote.RemoteWebDriver.findElement(RemoteWebDriver.java:323)
	at org.openqa.selenium.remote.RemoteWebDriver.findElementByXPath(RemoteWebDriver.java:428)
	at org.openqa.selenium.By$ByXPath.findElement(By.java:353)
	at org.openqa.selenium.remote.RemoteWebDriver.findElement(RemoteWebDriver.java:315)
	at org.openqa.selenium.support.pagefactory.DefaultElementLocator.findElement(DefaultElementLocator.java:69)
	at org.openqa.selenium.support.pagefactory.internal.LocatingElementHandler.invoke(LocatingElementHandler.java:38)
	at com.sun.proxy.$Proxy18.getText(Unknown Source)
	at com.kisaan.customer.pageobjects.HomePage.verify_SuccessMessage(HomePage.java:192)
	at com.kisaan.customer.testcases.TC_21_Customer_ShipToDifferentAddress.customer_AddProductCheckout(TC_21_Customer_ShipToDifferentAddress.java:46)
	at java.base/java.util.ArrayList.forEach(ArrayList.java:1541)
... Removed 30 stack frames
</div> <!-- stack-trace -->
                </div> <!-- method-content -->
              </div> <!-- method -->
            </div> <!-- main-panel-content rounded-window-bottom -->
          </div> <!-- suite-Suite_1-class-failed -->
          <div class="suite-Suite_1-class-passed">
            <div class="main-panel-header rounded-window-top">
              <img src="passed.png"/>
              <span class="class-name">com.kisaan.customer.testcases.TC_07_Customer_AddProductCheckout</span>
            </div> <!-- main-panel-header rounded-window-top -->
            <div class="main-panel-content rounded-window-bottom">
              <div class="method">
                <div class="method-content">
                  <a name="customer_AddProductCheckout">
                  </a> <!-- customer_AddProductCheckout -->
                  <span class="method-name">customer_AddProductCheckout</span>
                </div> <!-- method-content -->
              </div> <!-- method -->
            </div> <!-- main-panel-content rounded-window-bottom -->
          </div> <!-- suite-Suite_1-class-passed -->
          <div class="suite-Suite_1-class-passed">
            <div class="main-panel-header rounded-window-top">
              <img src="passed.png"/>
              <span class="class-name">com.kisaan.customer.testcases.TC_06_Customer_UpdateProductQuantity</span>
            </div> <!-- main-panel-header rounded-window-top -->
            <div class="main-panel-content rounded-window-bottom">
              <div class="method">
                <div class="method-content">
                  <a name="customer_UpdateProductQuantity">
                  </a> <!-- customer_UpdateProductQuantity -->
                  <span class="method-name">customer_UpdateProductQuantity</span>
                </div> <!-- method-content -->
              </div> <!-- method -->
            </div> <!-- main-panel-content rounded-window-bottom -->
          </div> <!-- suite-Suite_1-class-passed -->
          <div class="suite-Suite_1-class-passed">
            <div class="main-panel-header rounded-window-top">
              <img src="passed.png"/>
              <span class="class-name">com.kisaan.customer.testcases.TC_11_Customer_PlaceOrderMultipleProducts</span>
            </div> <!-- main-panel-header rounded-window-top -->
            <div class="main-panel-content rounded-window-bottom">
              <div class="method">
                <div class="method-content">
                  <a name="customer_PlaceOrderMultipleProducts">
                  </a> <!-- customer_PlaceOrderMultipleProducts -->
                  <span class="method-name">customer_PlaceOrderMultipleProducts</span>
                </div> <!-- method-content -->
              </div> <!-- method -->
            </div> <!-- main-panel-content rounded-window-bottom -->
          </div> <!-- suite-Suite_1-class-passed -->
          <div class="suite-Suite_1-class-passed">
            <div class="main-panel-header rounded-window-top">
              <img src="passed.png"/>
              <span class="class-name">com.kisaan.customer.testcases.TC_04_Customer_AddProductToCart</span>
            </div> <!-- main-panel-header rounded-window-top -->
            <div class="main-panel-content rounded-window-bottom">
              <div class="method">
                <div class="method-content">
                  <a name="customer_AddProductToCart">
                  </a> <!-- customer_AddProductToCart -->
                  <span class="method-name">customer_AddProductToCart</span>
                </div> <!-- method-content -->
              </div> <!-- method -->
            </div> <!-- main-panel-content rounded-window-bottom -->
          </div> <!-- suite-Suite_1-class-passed -->
          <div class="suite-Suite_1-class-passed">
            <div class="main-panel-header rounded-window-top">
              <img src="passed.png"/>
              <span class="class-name">com.kisaan.customer.testcases.TC_12_Customer_SignOut</span>
            </div> <!-- main-panel-header rounded-window-top -->
            <div class="main-panel-content rounded-window-bottom">
              <div class="method">
                <div class="method-content">
                  <a name="customer_SignOut">
                  </a> <!-- customer_SignOut -->
                  <span class="method-name">customer_SignOut</span>
                </div> <!-- method-content -->
              </div> <!-- method -->
            </div> <!-- main-panel-content rounded-window-bottom -->
          </div> <!-- suite-Suite_1-class-passed -->
          <div class="suite-Suite_1-class-passed">
            <div class="main-panel-header rounded-window-top">
              <img src="passed.png"/>
              <span class="class-name">com.kisaan.customer.testcases.TC_16_VerifyLinkedin_Link</span>
            </div> <!-- main-panel-header rounded-window-top -->
            <div class="main-panel-content rounded-window-bottom">
              <div class="method">
                <div class="method-content">
                  <a name="verify_LinkedinLink">
                  </a> <!-- verify_LinkedinLink -->
                  <span class="method-name">verify_LinkedinLink</span>
                </div> <!-- method-content -->
              </div> <!-- method -->
            </div> <!-- main-panel-content rounded-window-bottom -->
          </div> <!-- suite-Suite_1-class-passed -->
          <div class="suite-Suite_1-class-passed">
            <div class="main-panel-header rounded-window-top">
              <img src="passed.png"/>
              <span class="class-name">com.kisaan.customer.testcases.TC_13_VerifyFacebook_Link</span>
            </div> <!-- main-panel-header rounded-window-top -->
            <div class="main-panel-content rounded-window-bottom">
              <div class="method">
                <div class="method-content">
                  <a name="verify_FacebookLink">
                  </a> <!-- verify_FacebookLink -->
                  <span class="method-name">verify_FacebookLink</span>
                </div> <!-- method-content -->
              </div> <!-- method -->
            </div> <!-- main-panel-content rounded-window-bottom -->
          </div> <!-- suite-Suite_1-class-passed -->
          <div class="suite-Suite_1-class-passed">
            <div class="main-panel-header rounded-window-top">
              <img src="passed.png"/>
              <span class="class-name">com.kisaan.customer.testcases.TC_08_EditAddress</span>
            </div> <!-- main-panel-header rounded-window-top -->
            <div class="main-panel-content rounded-window-bottom">
              <div class="method">
                <div class="method-content">
                  <a name="EditAddress">
                  </a> <!-- EditAddress -->
                  <span class="method-name">EditAddress</span>
                </div> <!-- method-content -->
              </div> <!-- method -->
            </div> <!-- main-panel-content rounded-window-bottom -->
          </div> <!-- suite-Suite_1-class-passed -->
          <div class="suite-Suite_1-class-passed">
            <div class="main-panel-header rounded-window-top">
              <img src="passed.png"/>
              <span class="class-name">com.kisaan.customer.testcases.TC_01_Customer_SignUp</span>
            </div> <!-- main-panel-header rounded-window-top -->
            <div class="main-panel-content rounded-window-bottom">
              <div class="method">
                <div class="method-content">
                  <a name="customer_SignUp">
                  </a> <!-- customer_SignUp -->
                  <span class="method-name">customer_SignUp</span>
                </div> <!-- method-content -->
              </div> <!-- method -->
            </div> <!-- main-panel-content rounded-window-bottom -->
          </div> <!-- suite-Suite_1-class-passed -->
          <div class="suite-Suite_1-class-passed">
            <div class="main-panel-header rounded-window-top">
              <img src="passed.png"/>
              <span class="class-name">com.kisaan.customer.testcases.TC_02_Customer_SignIn</span>
            </div> <!-- main-panel-header rounded-window-top -->
            <div class="main-panel-content rounded-window-bottom">
              <div class="method">
                <div class="method-content">
                  <a name="customer_SignIn">
                  </a> <!-- customer_SignIn -->
                  <span class="method-name">customer_SignIn</span>
                </div> <!-- method-content -->
              </div> <!-- method -->
            </div> <!-- main-panel-content rounded-window-bottom -->
          </div> <!-- suite-Suite_1-class-passed -->
          <div class="suite-Suite_1-class-passed">
            <div class="main-panel-header rounded-window-top">
              <img src="passed.png"/>
              <span class="class-name">com.kisaan.customer.testcases.TC_17_Customer_AddProduct_PickUp_Checkout</span>
            </div> <!-- main-panel-header rounded-window-top -->
            <div class="main-panel-content rounded-window-bottom">
              <div class="method">
                <div class="method-content">
                  <a name="customer_AddProductCheckout">
                  </a> <!-- customer_AddProductCheckout -->
                  <span class="method-name">customer_AddProductCheckout</span>
                </div> <!-- method-content -->
              </div> <!-- method -->
            </div> <!-- main-panel-content rounded-window-bottom -->
          </div> <!-- suite-Suite_1-class-passed -->
          <div class="suite-Suite_1-class-passed">
            <div class="main-panel-header rounded-window-top">
              <img src="passed.png"/>
              <span class="class-name">com.kisaan.customer.testcases.TC_05_Customer_DeleteProductFromCart</span>
            </div> <!-- main-panel-header rounded-window-top -->
            <div class="main-panel-content rounded-window-bottom">
              <div class="method">
                <div class="method-content">
                  <a name="customer_DeleteProductFromCart">
                  </a> <!-- customer_DeleteProductFromCart -->
                  <span class="method-name">customer_DeleteProductFromCart</span>
                </div> <!-- method-content -->
              </div> <!-- method -->
            </div> <!-- main-panel-content rounded-window-bottom -->
          </div> <!-- suite-Suite_1-class-passed -->
          <div class="suite-Suite_1-class-passed">
            <div class="main-panel-header rounded-window-top">
              <img src="passed.png"/>
              <span class="class-name">com.kisaan.customer.testcases.TC_09_ChangeExistingPassword</span>
            </div> <!-- main-panel-header rounded-window-top -->
            <div class="main-panel-content rounded-window-bottom">
              <div class="method">
                <div class="method-content">
                  <a name="ChangeExistingPassword">
                  </a> <!-- ChangeExistingPassword -->
                  <span class="method-name">ChangeExistingPassword</span>
                </div> <!-- method-content -->
              </div> <!-- method -->
            </div> <!-- main-panel-content rounded-window-bottom -->
          </div> <!-- suite-Suite_1-class-passed -->
          <div class="suite-Suite_1-class-passed">
            <div class="main-panel-header rounded-window-top">
              <img src="passed.png"/>
              <span class="class-name">com.kisaan.customer.testcases.TC_03_Customer_SearchProduct</span>
            </div> <!-- main-panel-header rounded-window-top -->
            <div class="main-panel-content rounded-window-bottom">
              <div class="method">
                <div class="method-content">
                  <a name="customer_SearchProduct">
                  </a> <!-- customer_SearchProduct -->
                  <span class="method-name">customer_SearchProduct</span>
                </div> <!-- method-content -->
              </div> <!-- method -->
            </div> <!-- main-panel-content rounded-window-bottom -->
          </div> <!-- suite-Suite_1-class-passed -->
        </div> <!-- panel Suite_1 -->
        <div panel-name="test-xml-Suite_1" class="panel">
          <div class="main-panel-header rounded-window-top">
            <span class="header-content">C:\Users\Dell\eclipse-workspace\KISAAN New\Customer.xml</span>
          </div> <!-- main-panel-header rounded-window-top -->
          <div class="main-panel-content rounded-window-bottom">
            <pre>
&lt;?xml version=&quot;1.0&quot; encoding=&quot;UTF-8&quot;?&gt;
&lt;!DOCTYPE suite SYSTEM &quot;https://testng.org/testng-1.0.dtd&quot;&gt;
&lt;suite name=&quot;Suite 1&quot; guice-stage=&quot;DEVELOPMENT&quot;&gt;
  &lt;listeners&gt;
    &lt;listener class-name=&quot;listeners.AnnotationTransformer&quot;/&gt;
  &lt;/listeners&gt;
  &lt;test thread-count=&quot;5&quot; name=&quot;Customer Module&quot;&gt;
    &lt;parameter name=&quot;browserType&quot; value=&quot;chrome&quot;/&gt;
    &lt;classes&gt;
      &lt;class name=&quot;com.kisaan.customer.testcases.TC_01_Customer_SignUp&quot;/&gt;
      &lt;class name=&quot;com.kisaan.customer.testcases.TC_02_Customer_SignIn&quot;/&gt;
      &lt;class name=&quot;com.kisaan.customer.testcases.TC_03_Customer_SearchProduct&quot;/&gt;
      &lt;class name=&quot;com.kisaan.customer.testcases.TC_04_Customer_AddProductToCart&quot;/&gt;
      &lt;class name=&quot;com.kisaan.customer.testcases.TC_05_Customer_DeleteProductFromCart&quot;/&gt;
      &lt;class name=&quot;com.kisaan.customer.testcases.TC_06_Customer_UpdateProductQuantity&quot;/&gt;
      &lt;class name=&quot;com.kisaan.customer.testcases.TC_07_Customer_AddProductCheckout&quot;/&gt;
      &lt;class name=&quot;com.kisaan.customer.testcases.TC_08_EditAddress&quot;/&gt;
      &lt;class name=&quot;com.kisaan.customer.testcases.TC_09_ChangeExistingPassword&quot;/&gt;
      &lt;class name=&quot;com.kisaan.customer.testcases.TC_10_FilterProducts_Categories&quot;/&gt;
      &lt;class name=&quot;com.kisaan.customer.testcases.TC_11_Customer_PlaceOrderMultipleProducts&quot;/&gt;
      &lt;class name=&quot;com.kisaan.customer.testcases.TC_12_Customer_SignOut&quot;/&gt;
      &lt;class name=&quot;com.kisaan.customer.testcases.TC_13_VerifyFacebook_Link&quot;/&gt;
      &lt;class name=&quot;com.kisaan.customer.testcases.TC_14_VerifyGoogle_Link&quot;/&gt;
      &lt;class name=&quot;com.kisaan.customer.testcases.TC_15_VerifyTwitter_Link&quot;/&gt;
      &lt;class name=&quot;com.kisaan.customer.testcases.TC_16_VerifyLinkedin_Link&quot;/&gt;
      &lt;class name=&quot;com.kisaan.customer.testcases.TC_17_Customer_AddProduct_PickUp_Checkout&quot;/&gt;
      &lt;class name=&quot;com.kisaan.customer.testcases.TC_18_Customer_CreditCard_Checkout&quot;/&gt;
      &lt;class name=&quot;com.kisaan.customer.testcases.TC_19_Customer_MobileMoney_Checkout&quot;/&gt;
      &lt;class name=&quot;com.kisaan.customer.testcases.TC_20_Customer_BankWire_Checkout&quot;/&gt;
      &lt;class name=&quot;com.kisaan.customer.testcases.TC_21_Customer_ShipToDifferentAddress&quot;/&gt;
    &lt;/classes&gt;
  &lt;/test&gt; &lt;!-- Customer Module --&gt;
&lt;/suite&gt; &lt;!-- Suite 1 --&gt;
            </pre>
          </div> <!-- main-panel-content rounded-window-bottom -->
        </div> <!-- panel -->
        <div panel-name="testlist-Suite_1" class="panel">
          <div class="main-panel-header rounded-window-top">
            <span class="header-content">Tests for Suite 1</span>
          </div> <!-- main-panel-header rounded-window-top -->
          <div class="main-panel-content rounded-window-bottom">
            <ul>
              <li>
                <span class="test-name">Customer Module (21 classes)</span>
              </li>
            </ul>
          </div> <!-- main-panel-content rounded-window-bottom -->
        </div> <!-- panel -->
        <div panel-name="group-Suite_1" class="panel">
          <div class="main-panel-header rounded-window-top">
            <span class="header-content">Groups for Suite 1</span>
          </div> <!-- main-panel-header rounded-window-top -->
          <div class="main-panel-content rounded-window-bottom">
          </div> <!-- main-panel-content rounded-window-bottom -->
        </div> <!-- panel -->
        <div panel-name="times-Suite_1" class="panel">
          <div class="main-panel-header rounded-window-top">
            <span class="header-content">Times for Suite 1</span>
          </div> <!-- main-panel-header rounded-window-top -->
          <div class="main-panel-content rounded-window-bottom">
            <div class="times-div">
              <script type="text/javascript">
suiteTableInitFunctions.push('tableData_Suite_1');
function tableData_Suite_1() {
var data = new google.visualization.DataTable();
data.addColumn('number', 'Number');
data.addColumn('string', 'Method');
data.addColumn('string', 'Class');
data.addColumn('number', 'Time (ms)');
data.addRows(21);
data.setCell(0, 0, 0)
data.setCell(0, 1, 'customer_AddProductCheckout')
data.setCell(0, 2, 'com.kisaan.customer.testcases.TC_19_Customer_MobileMoney_Checkout')
data.setCell(0, 3, 197615);
data.setCell(1, 0, 1)
data.setCell(1, 1, 'customer_AddProductCheckout')
data.setCell(1, 2, 'com.kisaan.customer.testcases.TC_20_Customer_BankWire_Checkout')
data.setCell(1, 3, 126569);
data.setCell(2, 0, 2)
data.setCell(2, 1, 'customer_AddProductCheckout')
data.setCell(2, 2, 'com.kisaan.customer.testcases.TC_17_Customer_AddProduct_PickUp_Checkout')
data.setCell(2, 3, 122356);
data.setCell(3, 0, 3)
data.setCell(3, 1, 'customer_AddProductCheckout')
data.setCell(3, 2, 'com.kisaan.customer.testcases.TC_18_Customer_CreditCard_Checkout')
data.setCell(3, 3, 119561);
data.setCell(4, 0, 4)
data.setCell(4, 1, 'customer_PlaceOrderMultipleProducts')
data.setCell(4, 2, 'com.kisaan.customer.testcases.TC_11_Customer_PlaceOrderMultipleProducts')
data.setCell(4, 3, 89519);
data.setCell(5, 0, 5)
data.setCell(5, 1, 'customer_AddProductCheckout')
data.setCell(5, 2, 'com.kisaan.customer.testcases.TC_07_Customer_AddProductCheckout')
data.setCell(5, 3, 82328);
data.setCell(6, 0, 6)
data.setCell(6, 1, 'customer_UpdateProductQuantity')
data.setCell(6, 2, 'com.kisaan.customer.testcases.TC_06_Customer_UpdateProductQuantity')
data.setCell(6, 3, 69822);
data.setCell(7, 0, 7)
data.setCell(7, 1, 'verify_TwitterLink')
data.setCell(7, 2, 'com.kisaan.customer.testcases.TC_15_VerifyTwitter_Link')
data.setCell(7, 3, 65616);
data.setCell(8, 0, 8)
data.setCell(8, 1, 'customer_DeleteProductFromCart')
data.setCell(8, 2, 'com.kisaan.customer.testcases.TC_05_Customer_DeleteProductFromCart')
data.setCell(8, 3, 65408);
data.setCell(9, 0, 9)
data.setCell(9, 1, 'customer_SignUp')
data.setCell(9, 2, 'com.kisaan.customer.testcases.TC_01_Customer_SignUp')
data.setCell(9, 3, 60799);
data.setCell(10, 0, 10)
data.setCell(10, 1, 'verify_GoogleLink')
data.setCell(10, 2, 'com.kisaan.customer.testcases.TC_14_VerifyGoogle_Link')
data.setCell(10, 3, 46573);
data.setCell(11, 0, 11)
data.setCell(11, 1, 'customer_AddProductCheckout')
data.setCell(11, 2, 'com.kisaan.customer.testcases.TC_21_Customer_ShipToDifferentAddress')
data.setCell(11, 3, 40674);
data.setCell(12, 0, 12)
data.setCell(12, 1, 'verify_FacebookLink')
data.setCell(12, 2, 'com.kisaan.customer.testcases.TC_13_VerifyFacebook_Link')
data.setCell(12, 3, 34319);
data.setCell(13, 0, 13)
data.setCell(13, 1, 'customer_AddProductToCart')
data.setCell(13, 2, 'com.kisaan.customer.testcases.TC_04_Customer_AddProductToCart')
data.setCell(13, 3, 30828);
data.setCell(14, 0, 14)
data.setCell(14, 1, 'customer_SearchProduct')
data.setCell(14, 2, 'com.kisaan.customer.testcases.TC_03_Customer_SearchProduct')
data.setCell(14, 3, 28716);
data.setCell(15, 0, 15)
data.setCell(15, 1, 'ChangeExistingPassword')
data.setCell(15, 2, 'com.kisaan.customer.testcases.TC_09_ChangeExistingPassword')
data.setCell(15, 3, 23125);
data.setCell(16, 0, 16)
data.setCell(16, 1, 'EditAddress')
data.setCell(16, 2, 'com.kisaan.customer.testcases.TC_08_EditAddress')
data.setCell(16, 3, 18019);
data.setCell(17, 0, 17)
data.setCell(17, 1, 'customer_FilterProduct')
data.setCell(17, 2, 'com.kisaan.customer.testcases.TC_10_FilterProducts_Categories')
data.setCell(17, 3, 18019);
data.setCell(18, 0, 18)
data.setCell(18, 1, 'verify_LinkedinLink')
data.setCell(18, 2, 'com.kisaan.customer.testcases.TC_16_VerifyLinkedin_Link')
data.setCell(18, 3, 15202);
data.setCell(19, 0, 19)
data.setCell(19, 1, 'customer_SignOut')
data.setCell(19, 2, 'com.kisaan.customer.testcases.TC_12_Customer_SignOut')
data.setCell(19, 3, 12891);
data.setCell(20, 0, 20)
data.setCell(20, 1, 'customer_SignIn')
data.setCell(20, 2, 'com.kisaan.customer.testcases.TC_02_Customer_SignIn')
data.setCell(20, 3, 10702);
window.suiteTableData['Suite_1']= { tableData: data, tableDiv: 'times-div-Suite_1'}
return data;
}
              </script>
              <span class="suite-total-time">Total running time: 21 minutes</span>
              <div id="times-div-Suite_1">
              </div> <!-- times-div-Suite_1 -->
            </div> <!-- times-div -->
          </div> <!-- main-panel-content rounded-window-bottom -->
        </div> <!-- panel -->
        <div panel-name="reporter-Suite_1" class="panel">
          <div class="main-panel-header rounded-window-top">
            <span class="header-content">Reporter output for Suite 1</span>
          </div> <!-- main-panel-header rounded-window-top -->
          <div class="main-panel-content rounded-window-bottom">
          </div> <!-- main-panel-content rounded-window-bottom -->
        </div> <!-- panel -->
        <div panel-name="ignored-methods-Suite_1" class="panel">
          <div class="main-panel-header rounded-window-top">
            <span class="header-content">40 ignored methods</span>
          </div> <!-- main-panel-header rounded-window-top -->
          <div class="main-panel-content rounded-window-bottom">
            <div class="ignored-class-div">
              <span class="ignored-class-name">com.kisaan.customer.testcases.TC_07_Customer_AddProductCheckout</span>
              <div class="ignored-methods-div">
                <span class="ignored-method-name">classInstitiate</span>
                <br/>
                <span class="ignored-method-name">openReport</span>
                <br/>
              </div> <!-- ignored-methods-div -->
            </div> <!-- ignored-class-div -->
            <div class="ignored-class-div">
              <span class="ignored-class-name">com.kisaan.customer.testcases.TC_18_Customer_CreditCard_Checkout</span>
              <div class="ignored-methods-div">
                <span class="ignored-method-name">classInstitiate</span>
                <br/>
                <span class="ignored-method-name">openReport</span>
                <br/>
              </div> <!-- ignored-methods-div -->
            </div> <!-- ignored-class-div -->
            <div class="ignored-class-div">
              <span class="ignored-class-name">com.kisaan.customer.testcases.TC_06_Customer_UpdateProductQuantity</span>
              <div class="ignored-methods-div">
                <span class="ignored-method-name">classInstitiate</span>
                <br/>
                <span class="ignored-method-name">openReport</span>
                <br/>
              </div> <!-- ignored-methods-div -->
            </div> <!-- ignored-class-div -->
            <div class="ignored-class-div">
              <span class="ignored-class-name">com.kisaan.customer.testcases.TC_14_VerifyGoogle_Link</span>
              <div class="ignored-methods-div">
                <span class="ignored-method-name">classInstitiate</span>
                <br/>
                <span class="ignored-method-name">openReport</span>
                <br/>
              </div> <!-- ignored-methods-div -->
            </div> <!-- ignored-class-div -->
            <div class="ignored-class-div">
              <span class="ignored-class-name">com.kisaan.customer.testcases.TC_11_Customer_PlaceOrderMultipleProducts</span>
              <div class="ignored-methods-div">
                <span class="ignored-method-name">classInstitiate</span>
                <br/>
                <span class="ignored-method-name">openReport</span>
                <br/>
              </div> <!-- ignored-methods-div -->
            </div> <!-- ignored-class-div -->
            <div class="ignored-class-div">
              <span class="ignored-class-name">com.kisaan.customer.testcases.TC_04_Customer_AddProductToCart</span>
              <div class="ignored-methods-div">
                <span class="ignored-method-name">classInstitiate</span>
                <br/>
                <span class="ignored-method-name">openReport</span>
                <br/>
              </div> <!-- ignored-methods-div -->
            </div> <!-- ignored-class-div -->
            <div class="ignored-class-div">
              <span class="ignored-class-name">com.kisaan.customer.testcases.TC_12_Customer_SignOut</span>
              <div class="ignored-methods-div">
                <span class="ignored-method-name">classInstitiate</span>
                <br/>
                <span class="ignored-method-name">openReport</span>
                <br/>
              </div> <!-- ignored-methods-div -->
            </div> <!-- ignored-class-div -->
            <div class="ignored-class-div">
              <span class="ignored-class-name">com.kisaan.customer.testcases.TC_16_VerifyLinkedin_Link</span>
              <div class="ignored-methods-div">
                <span class="ignored-method-name">classInstitiate</span>
                <br/>
                <span class="ignored-method-name">openReport</span>
                <br/>
              </div> <!-- ignored-methods-div -->
            </div> <!-- ignored-class-div -->
            <div class="ignored-class-div">
              <span class="ignored-class-name">com.kisaan.customer.testcases.TC_10_FilterProducts_Categories</span>
              <div class="ignored-methods-div">
                <span class="ignored-method-name">classInstitiate</span>
                <br/>
                <span class="ignored-method-name">openReport</span>
                <br/>
              </div> <!-- ignored-methods-div -->
            </div> <!-- ignored-class-div -->
            <div class="ignored-class-div">
              <span class="ignored-class-name">com.kisaan.customer.testcases.TC_13_VerifyFacebook_Link</span>
              <div class="ignored-methods-div">
                <span class="ignored-method-name">classInstitiate</span>
                <br/>
                <span class="ignored-method-name">openReport</span>
                <br/>
              </div> <!-- ignored-methods-div -->
            </div> <!-- ignored-class-div -->
            <div class="ignored-class-div">
              <span class="ignored-class-name">com.kisaan.customer.testcases.TC_20_Customer_BankWire_Checkout</span>
              <div class="ignored-methods-div">
                <span class="ignored-method-name">classInstitiate</span>
                <br/>
                <span class="ignored-method-name">openReport</span>
                <br/>
              </div> <!-- ignored-methods-div -->
            </div> <!-- ignored-class-div -->
            <div class="ignored-class-div">
              <span class="ignored-class-name">com.kisaan.customer.testcases.TC_02_Customer_SignIn</span>
              <div class="ignored-methods-div">
                <span class="ignored-method-name">classInstitiate</span>
                <br/>
                <span class="ignored-method-name">openReport</span>
                <br/>
              </div> <!-- ignored-methods-div -->
            </div> <!-- ignored-class-div -->
            <div class="ignored-class-div">
              <span class="ignored-class-name">com.kisaan.customer.testcases.TC_08_EditAddress</span>
              <div class="ignored-methods-div">
                <span class="ignored-method-name">classInstitiate</span>
                <br/>
                <span class="ignored-method-name">openReport</span>
                <br/>
              </div> <!-- ignored-methods-div -->
            </div> <!-- ignored-class-div -->
            <div class="ignored-class-div">
              <span class="ignored-class-name">com.kisaan.customer.testcases.TC_17_Customer_AddProduct_PickUp_Checkout</span>
              <div class="ignored-methods-div">
                <span class="ignored-method-name">classInstitiate</span>
                <br/>
                <span class="ignored-method-name">openReport</span>
                <br/>
              </div> <!-- ignored-methods-div -->
            </div> <!-- ignored-class-div -->
            <div class="ignored-class-div">
              <span class="ignored-class-name">com.kisaan.customer.testcases.TC_05_Customer_DeleteProductFromCart</span>
              <div class="ignored-methods-div">
                <span class="ignored-method-name">classInstitiate</span>
                <br/>
                <span class="ignored-method-name">openReport</span>
                <br/>
              </div> <!-- ignored-methods-div -->
            </div> <!-- ignored-class-div -->
            <div class="ignored-class-div">
              <span class="ignored-class-name">com.kisaan.customer.testcases.TC_15_VerifyTwitter_Link</span>
              <div class="ignored-methods-div">
                <span class="ignored-method-name">classInstitiate</span>
                <br/>
                <span class="ignored-method-name">openReport</span>
                <br/>
              </div> <!-- ignored-methods-div -->
            </div> <!-- ignored-class-div -->
            <div class="ignored-class-div">
              <span class="ignored-class-name">com.kisaan.customer.testcases.TC_09_ChangeExistingPassword</span>
              <div class="ignored-methods-div">
                <span class="ignored-method-name">classInstitiate</span>
                <br/>
                <span class="ignored-method-name">openReport</span>
                <br/>
              </div> <!-- ignored-methods-div -->
            </div> <!-- ignored-class-div -->
            <div class="ignored-class-div">
              <span class="ignored-class-name">com.kisaan.customer.testcases.TC_19_Customer_MobileMoney_Checkout</span>
              <div class="ignored-methods-div">
                <span class="ignored-method-name">classInstitiate</span>
                <br/>
                <span class="ignored-method-name">openReport</span>
                <br/>
              </div> <!-- ignored-methods-div -->
            </div> <!-- ignored-class-div -->
            <div class="ignored-class-div">
              <span class="ignored-class-name">com.kisaan.customer.testcases.TC_03_Customer_SearchProduct</span>
              <div class="ignored-methods-div">
                <span class="ignored-method-name">classInstitiate</span>
                <br/>
                <span class="ignored-method-name">openReport</span>
                <br/>
              </div> <!-- ignored-methods-div -->
            </div> <!-- ignored-class-div -->
            <div class="ignored-class-div">
              <span class="ignored-class-name">com.kisaan.customer.testcases.TC_21_Customer_ShipToDifferentAddress</span>
              <div class="ignored-methods-div">
                <span class="ignored-method-name">classInstitiate</span>
                <br/>
                <span class="ignored-method-name">openReport</span>
                <br/>
              </div> <!-- ignored-methods-div -->
            </div> <!-- ignored-class-div -->
          </div> <!-- main-panel-content rounded-window-bottom -->
        </div> <!-- panel -->
        <div panel-name="chronological-Suite_1" class="panel">
          <div class="main-panel-header rounded-window-top">
            <span class="header-content">Methods in chronological order</span>
          </div> <!-- main-panel-header rounded-window-top -->
          <div class="main-panel-content rounded-window-bottom">
            <div class="chronological-class">
              <div class="chronological-class-name">com.kisaan.customer.testcases.TC_01_Customer_SignUp</div> <!-- chronological-class-name -->
              <div class="configuration-test before">
                <span class="method-name">classInstitiate</span>
                <span class="method-start">0 ms</span>
              </div> <!-- configuration-test before -->
              <div class="configuration-class before">
                <span class="method-name">setUp(chrome)</span>
                <span class="method-start">34 ms</span>
              </div> <!-- configuration-class before -->
              <div class="configuration-method before">
                <span class="method-name">randomStringGenerate</span>
                <span class="method-start">4245 ms</span>
              </div> <!-- configuration-method before -->
              <div class="test-method">
                <span class="method-name">customer_SignUp</span>
                <span class="method-start">4266 ms</span>
              </div> <!-- test-method -->
              <div class="configuration-method after">
                <span class="method-name">checkResult([TestResult name=customer_SignUp status=SUCCESS method=TC_01_Customer_SignUp.customer_SignUp()[pri:0...)</span>
                <span class="method-start">65071 ms</span>
              </div> <!-- configuration-method after -->
              <div class="configuration-class after">
                <span class="method-name">tearDown</span>
                <span class="method-start">65086 ms</span>
              </div> <!-- configuration-class after -->
            </div> <!-- chronological-class -->
            <div class="chronological-class">
              <div class="chronological-class-name">com.kisaan.customer.testcases.TC_02_Customer_SignIn</div> <!-- chronological-class-name -->
              <div class="configuration-class before">
                <span class="method-name">setUp(chrome)</span>
                <span class="method-start">65739 ms</span>
              </div> <!-- configuration-class before -->
              <div class="test-method">
                <span class="method-name">customer_SignIn</span>
                <span class="method-start">68790 ms</span>
              </div> <!-- test-method -->
              <div class="configuration-method after">
                <span class="method-name">checkResult([TestResult name=customer_SignIn status=SUCCESS method=TC_02_Customer_SignIn.customer_SignIn()[pri:0...)</span>
                <span class="method-start">79493 ms</span>
              </div> <!-- configuration-method after -->
              <div class="configuration-class after">
                <span class="method-name">tearDown</span>
                <span class="method-start">79496 ms</span>
              </div> <!-- configuration-class after -->
            </div> <!-- chronological-class -->
            <div class="chronological-class">
              <div class="chronological-class-name">com.kisaan.customer.testcases.TC_03_Customer_SearchProduct</div> <!-- chronological-class-name -->
              <div class="configuration-class before">
                <span class="method-name">setUp(chrome)</span>
                <span class="method-start">79599 ms</span>
              </div> <!-- configuration-class before -->
              <div class="test-method">
                <span class="method-name">customer_SearchProduct</span>
                <span class="method-start">82540 ms</span>
              </div> <!-- test-method -->
              <div class="configuration-method after">
                <span class="method-name">checkResult([TestResult name=customer_SearchProduct status=SUCCESS method=TC_03_Customer_SearchProduct.customer_...)</span>
                <span class="method-start">111257 ms</span>
              </div> <!-- configuration-method after -->
              <div class="configuration-class after">
                <span class="method-name">tearDown</span>
                <span class="method-start">111263 ms</span>
              </div> <!-- configuration-class after -->
            </div> <!-- chronological-class -->
            <div class="chronological-class">
              <div class="chronological-class-name">com.kisaan.customer.testcases.TC_04_Customer_AddProductToCart</div> <!-- chronological-class-name -->
              <div class="configuration-class before">
                <span class="method-name">setUp(chrome)</span>
                <span class="method-start">111333 ms</span>
              </div> <!-- configuration-class before -->
              <div class="test-method">
                <span class="method-name">customer_AddProductToCart</span>
                <span class="method-start">114250 ms</span>
              </div> <!-- test-method -->
              <div class="configuration-method after">
                <span class="method-name">checkResult([TestResult name=customer_AddProductToCart status=SUCCESS method=TC_04_Customer_AddProductToCart.cus...)</span>
                <span class="method-start">145079 ms</span>
              </div> <!-- configuration-method after -->
              <div class="configuration-class after">
                <span class="method-name">tearDown</span>
                <span class="method-start">145085 ms</span>
              </div> <!-- configuration-class after -->
            </div> <!-- chronological-class -->
            <div class="chronological-class">
              <div class="chronological-class-name">com.kisaan.customer.testcases.TC_05_Customer_DeleteProductFromCart</div> <!-- chronological-class-name -->
              <div class="configuration-class before">
                <span class="method-name">setUp(chrome)</span>
                <span class="method-start">145214 ms</span>
              </div> <!-- configuration-class before -->
              <div class="test-method">
                <span class="method-name">customer_DeleteProductFromCart</span>
                <span class="method-start">148170 ms</span>
              </div> <!-- test-method -->
              <div class="configuration-method after">
                <span class="method-name">checkResult([TestResult name=customer_DeleteProductFromCart status=SUCCESS method=TC_05_Customer_DeleteProductFr...)</span>
                <span class="method-start">213580 ms</span>
              </div> <!-- configuration-method after -->
              <div class="configuration-class after">
                <span class="method-name">tearDown</span>
                <span class="method-start">213582 ms</span>
              </div> <!-- configuration-class after -->
            </div> <!-- chronological-class -->
            <div class="chronological-class">
              <div class="chronological-class-name">com.kisaan.customer.testcases.TC_06_Customer_UpdateProductQuantity</div> <!-- chronological-class-name -->
              <div class="configuration-class before">
                <span class="method-name">setUp(chrome)</span>
                <span class="method-start">213679 ms</span>
              </div> <!-- configuration-class before -->
              <div class="test-method">
                <span class="method-name">customer_UpdateProductQuantity</span>
                <span class="method-start">216644 ms</span>
              </div> <!-- test-method -->
              <div class="configuration-method after">
                <span class="method-name">checkResult([TestResult name=customer_UpdateProductQuantity status=SUCCESS method=TC_06_Customer_UpdateProductQu...)</span>
                <span class="method-start">286467 ms</span>
              </div> <!-- configuration-method after -->
              <div class="configuration-class after">
                <span class="method-name">tearDown</span>
                <span class="method-start">286469 ms</span>
              </div> <!-- configuration-class after -->
            </div> <!-- chronological-class -->
            <div class="chronological-class">
              <div class="chronological-class-name">com.kisaan.customer.testcases.TC_07_Customer_AddProductCheckout</div> <!-- chronological-class-name -->
              <div class="configuration-class before">
                <span class="method-name">setUp(chrome)</span>
                <span class="method-start">286540 ms</span>
              </div> <!-- configuration-class before -->
              <div class="configuration-method before">
                <span class="method-name">randomStringGenerate</span>
                <span class="method-start">289300 ms</span>
              </div> <!-- configuration-method before -->
              <div class="test-method">
                <span class="method-name">customer_AddProductCheckout</span>
                <span class="method-start">289305 ms</span>
              </div> <!-- test-method -->
              <div class="configuration-method after">
                <span class="method-name">checkResult([TestResult name=customer_AddProductCheckout status=SUCCESS method=TC_07_Customer_AddProductCheckout...)</span>
                <span class="method-start">371634 ms</span>
              </div> <!-- configuration-method after -->
              <div class="configuration-class after">
                <span class="method-name">tearDown</span>
                <span class="method-start">371636 ms</span>
              </div> <!-- configuration-class after -->
            </div> <!-- chronological-class -->
            <div class="chronological-class">
              <div class="chronological-class-name">com.kisaan.customer.testcases.TC_08_EditAddress</div> <!-- chronological-class-name -->
              <div class="configuration-class before">
                <span class="method-name">setUp(chrome)</span>
                <span class="method-start">371687 ms</span>
              </div> <!-- configuration-class before -->
              <div class="test-method">
                <span class="method-name">EditAddress</span>
                <span class="method-start">374517 ms</span>
              </div> <!-- test-method -->
              <div class="configuration-method after">
                <span class="method-name">checkResult([TestResult name=EditAddress status=SUCCESS method=TC_08_EditAddress.EditAddress()[pri:0, instance:c...)</span>
                <span class="method-start">392538 ms</span>
              </div> <!-- configuration-method after -->
              <div class="configuration-class after">
                <span class="method-name">tearDown</span>
                <span class="method-start">392541 ms</span>
              </div> <!-- configuration-class after -->
            </div> <!-- chronological-class -->
            <div class="chronological-class">
              <div class="chronological-class-name">com.kisaan.customer.testcases.TC_09_ChangeExistingPassword</div> <!-- chronological-class-name -->
              <div class="configuration-class before">
                <span class="method-name">setUp(chrome)</span>
                <span class="method-start">392615 ms</span>
              </div> <!-- configuration-class before -->
              <div class="test-method">
                <span class="method-name">ChangeExistingPassword</span>
                <span class="method-start">395506 ms</span>
              </div> <!-- test-method -->
              <div class="configuration-method after">
                <span class="method-name">checkResult([TestResult name=ChangeExistingPassword status=SUCCESS method=TC_09_ChangeExistingPassword.ChangeExi...)</span>
                <span class="method-start">418632 ms</span>
              </div> <!-- configuration-method after -->
              <div class="configuration-class after">
                <span class="method-name">tearDown</span>
                <span class="method-start">418638 ms</span>
              </div> <!-- configuration-class after -->
            </div> <!-- chronological-class -->
            <div class="chronological-class">
              <div class="chronological-class-name">com.kisaan.customer.testcases.TC_10_FilterProducts_Categories</div> <!-- chronological-class-name -->
              <div class="configuration-class before">
                <span class="method-name">setUp(chrome)</span>
                <span class="method-start">418715 ms</span>
              </div> <!-- configuration-class before -->
              <div class="test-method">
                <img src="failed.png">
                </img>
                <span class="method-name">customer_FilterProduct</span>
                <span class="method-start">421643 ms</span>
              </div> <!-- test-method -->
              <div class="configuration-method after">
                <span class="method-name">checkResult([TestResult name=customer_FilterProduct status=FAILURE method=TC_10_FilterProducts_Categories.custom...)</span>
                <span class="method-start">439668 ms</span>
              </div> <!-- configuration-method after -->
              <div class="configuration-class after">
                <span class="method-name">tearDown</span>
                <span class="method-start">440368 ms</span>
              </div> <!-- configuration-class after -->
            </div> <!-- chronological-class -->
            <div class="chronological-class">
              <div class="chronological-class-name">com.kisaan.customer.testcases.TC_11_Customer_PlaceOrderMultipleProducts</div> <!-- chronological-class-name -->
              <div class="configuration-class before">
                <span class="method-name">setUp(chrome)</span>
                <span class="method-start">440428 ms</span>
              </div> <!-- configuration-class before -->
              <div class="test-method">
                <span class="method-name">customer_PlaceOrderMultipleProducts</span>
                <span class="method-start">443349 ms</span>
              </div> <!-- test-method -->
              <div class="configuration-method after">
                <span class="method-name">checkResult([TestResult name=customer_PlaceOrderMultipleProducts status=SUCCESS method=TC_11_Customer_PlaceOrder...)</span>
                <span class="method-start">532869 ms</span>
              </div> <!-- configuration-method after -->
              <div class="configuration-class after">
                <span class="method-name">tearDown</span>
                <span class="method-start">532871 ms</span>
              </div> <!-- configuration-class after -->
            </div> <!-- chronological-class -->
            <div class="chronological-class">
              <div class="chronological-class-name">com.kisaan.customer.testcases.TC_12_Customer_SignOut</div> <!-- chronological-class-name -->
              <div class="configuration-class before">
                <span class="method-name">setUp(chrome)</span>
                <span class="method-start">532937 ms</span>
              </div> <!-- configuration-class before -->
              <div class="test-method">
                <span class="method-name">customer_SignOut</span>
                <span class="method-start">535844 ms</span>
              </div> <!-- test-method -->
              <div class="configuration-method after">
                <span class="method-name">checkResult([TestResult name=customer_SignOut status=SUCCESS method=TC_12_Customer_SignOut.customer_SignOut()[pr...)</span>
                <span class="method-start">548735 ms</span>
              </div> <!-- configuration-method after -->
              <div class="configuration-class after">
                <span class="method-name">tearDown</span>
                <span class="method-start">548737 ms</span>
              </div> <!-- configuration-class after -->
            </div> <!-- chronological-class -->
            <div class="chronological-class">
              <div class="chronological-class-name">com.kisaan.customer.testcases.TC_13_VerifyFacebook_Link</div> <!-- chronological-class-name -->
              <div class="configuration-class before">
                <span class="method-name">setUp(chrome)</span>
                <span class="method-start">548878 ms</span>
              </div> <!-- configuration-class before -->
              <div class="test-method">
                <span class="method-name">verify_FacebookLink</span>
                <span class="method-start">551762 ms</span>
              </div> <!-- test-method -->
              <div class="configuration-method after">
                <span class="method-name">checkResult([TestResult name=verify_FacebookLink status=SUCCESS method=TC_13_VerifyFacebook_Link.verify_Facebook...)</span>
                <span class="method-start">586082 ms</span>
              </div> <!-- configuration-method after -->
              <div class="configuration-class after">
                <span class="method-name">tearDown</span>
                <span class="method-start">586084 ms</span>
              </div> <!-- configuration-class after -->
            </div> <!-- chronological-class -->
            <div class="chronological-class">
              <div class="chronological-class-name">com.kisaan.customer.testcases.TC_14_VerifyGoogle_Link</div> <!-- chronological-class-name -->
              <div class="configuration-class before">
                <span class="method-name">setUp(chrome)</span>
                <span class="method-start">586145 ms</span>
              </div> <!-- configuration-class before -->
              <div class="test-method">
                <img src="failed.png">
                </img>
                <span class="method-name">verify_GoogleLink</span>
                <span class="method-start">588979 ms</span>
              </div> <!-- test-method -->
              <div class="configuration-method after">
                <span class="method-name">checkResult([TestResult name=verify_GoogleLink status=FAILURE method=TC_14_VerifyGoogle_Link.verify_GoogleLink()...)</span>
                <span class="method-start">635555 ms</span>
              </div> <!-- configuration-method after -->
              <div class="configuration-class after">
                <span class="method-name">tearDown</span>
                <span class="method-start">636220 ms</span>
              </div> <!-- configuration-class after -->
            </div> <!-- chronological-class -->
            <div class="chronological-class">
              <div class="chronological-class-name">com.kisaan.customer.testcases.TC_15_VerifyTwitter_Link</div> <!-- chronological-class-name -->
              <div class="configuration-class before">
                <span class="method-name">setUp(chrome)</span>
                <span class="method-start">636292 ms</span>
              </div> <!-- configuration-class before -->
              <div class="test-method">
                <img src="failed.png">
                </img>
                <span class="method-name">verify_TwitterLink</span>
                <span class="method-start">639275 ms</span>
              </div> <!-- test-method -->
              <div class="configuration-method after">
                <span class="method-name">checkResult([TestResult name=verify_TwitterLink status=FAILURE method=TC_15_VerifyTwitter_Link.verify_TwitterLin...)</span>
                <span class="method-start">704895 ms</span>
              </div> <!-- configuration-method after -->
              <div class="configuration-class after">
                <span class="method-name">tearDown</span>
                <span class="method-start">705301 ms</span>
              </div> <!-- configuration-class after -->
            </div> <!-- chronological-class -->
            <div class="chronological-class">
              <div class="chronological-class-name">com.kisaan.customer.testcases.TC_16_VerifyLinkedin_Link</div> <!-- chronological-class-name -->
              <div class="configuration-class before">
                <span class="method-name">setUp(chrome)</span>
                <span class="method-start">705370 ms</span>
              </div> <!-- configuration-class before -->
              <div class="test-method">
                <span class="method-name">verify_LinkedinLink</span>
                <span class="method-start">708652 ms</span>
              </div> <!-- test-method -->
              <div class="configuration-method after">
                <span class="method-name">checkResult([TestResult name=verify_LinkedinLink status=SUCCESS method=TC_16_VerifyLinkedin_Link.verify_Linkedin...)</span>
                <span class="method-start">723855 ms</span>
              </div> <!-- configuration-method after -->
              <div class="configuration-class after">
                <span class="method-name">tearDown</span>
                <span class="method-start">723857 ms</span>
              </div> <!-- configuration-class after -->
            </div> <!-- chronological-class -->
            <div class="chronological-class">
              <div class="chronological-class-name">com.kisaan.customer.testcases.TC_17_Customer_AddProduct_PickUp_Checkout</div> <!-- chronological-class-name -->
              <div class="configuration-class before">
                <span class="method-name">setUp(chrome)</span>
                <span class="method-start">723914 ms</span>
              </div> <!-- configuration-class before -->
              <div class="test-method">
                <span class="method-name">customer_AddProductCheckout</span>
                <span class="method-start">726665 ms</span>
              </div> <!-- test-method -->
              <div class="configuration-method after">
                <span class="method-name">checkResult([TestResult name=customer_AddProductCheckout status=SUCCESS method=TC_17_Customer_AddProduct_PickUp_...)</span>
                <span class="method-start">849022 ms</span>
              </div> <!-- configuration-method after -->
              <div class="configuration-class after">
                <span class="method-name">tearDown</span>
                <span class="method-start">849024 ms</span>
              </div> <!-- configuration-class after -->
            </div> <!-- chronological-class -->
            <div class="chronological-class">
              <div class="chronological-class-name">com.kisaan.customer.testcases.TC_18_Customer_CreditCard_Checkout</div> <!-- chronological-class-name -->
              <div class="configuration-class before">
                <span class="method-name">setUp(chrome)</span>
                <span class="method-start">849090 ms</span>
              </div> <!-- configuration-class before -->
              <div class="test-method">
                <img src="failed.png">
                </img>
                <span class="method-name">customer_AddProductCheckout</span>
                <span class="method-start">851725 ms</span>
              </div> <!-- test-method -->
              <div class="configuration-method after">
                <span class="method-name">checkResult([TestResult name=customer_AddProductCheckout status=FAILURE method=TC_18_Customer_CreditCard_Checkou...)</span>
                <span class="method-start">971290 ms</span>
              </div> <!-- configuration-method after -->
              <div class="configuration-class after">
                <span class="method-name">tearDown</span>
                <span class="method-start">971701 ms</span>
              </div> <!-- configuration-class after -->
            </div> <!-- chronological-class -->
            <div class="chronological-class">
              <div class="chronological-class-name">com.kisaan.customer.testcases.TC_19_Customer_MobileMoney_Checkout</div> <!-- chronological-class-name -->
              <div class="configuration-class before">
                <span class="method-name">setUp(chrome)</span>
                <span class="method-start">971745 ms</span>
              </div> <!-- configuration-class before -->
              <div class="test-method">
                <img src="failed.png">
                </img>
                <span class="method-name">customer_AddProductCheckout</span>
                <span class="method-start">974596 ms</span>
              </div> <!-- test-method -->
              <div class="configuration-method after">
                <span class="method-name">checkResult([TestResult name=customer_AddProductCheckout status=FAILURE method=TC_19_Customer_MobileMoney_Checko...)</span>
                <span class="method-start">1172214 ms</span>
              </div> <!-- configuration-method after -->
              <div class="configuration-class after">
                <span class="method-name">tearDown</span>
                <span class="method-start">1172663 ms</span>
              </div> <!-- configuration-class after -->
            </div> <!-- chronological-class -->
            <div class="chronological-class">
              <div class="chronological-class-name">com.kisaan.customer.testcases.TC_20_Customer_BankWire_Checkout</div> <!-- chronological-class-name -->
              <div class="configuration-class before">
                <span class="method-name">setUp(chrome)</span>
                <span class="method-start">1172713 ms</span>
              </div> <!-- configuration-class before -->
              <div class="test-method">
                <img src="failed.png">
                </img>
                <span class="method-name">customer_AddProductCheckout</span>
                <span class="method-start">1175718 ms</span>
              </div> <!-- test-method -->
              <div class="configuration-method after">
                <span class="method-name">checkResult([TestResult name=customer_AddProductCheckout status=FAILURE method=TC_20_Customer_BankWire_Checkout....)</span>
                <span class="method-start">1302289 ms</span>
              </div> <!-- configuration-method after -->
              <div class="configuration-class after">
                <span class="method-name">tearDown</span>
                <span class="method-start">1302703 ms</span>
              </div> <!-- configuration-class after -->
            </div> <!-- chronological-class -->
            <div class="chronological-class">
              <div class="chronological-class-name">com.kisaan.customer.testcases.TC_21_Customer_ShipToDifferentAddress</div> <!-- chronological-class-name -->
              <div class="configuration-class before">
                <span class="method-name">setUp(chrome)</span>
                <span class="method-start">1302752 ms</span>
              </div> <!-- configuration-class before -->
              <div class="test-method">
                <img src="failed.png">
                </img>
                <span class="method-name">customer_AddProductCheckout</span>
                <span class="method-start">1305491 ms</span>
              </div> <!-- test-method -->
              <div class="configuration-method after">
                <span class="method-name">checkResult([TestResult name=customer_AddProductCheckout status=FAILURE method=TC_21_Customer_ShipToDifferentAdd...)</span>
                <span class="method-start">1346166 ms</span>
              </div> <!-- configuration-method after -->
              <div class="configuration-class after">
                <span class="method-name">tearDown</span>
                <span class="method-start">1346625 ms</span>
              </div> <!-- configuration-class after -->
            </div> <!-- chronological-class -->
            <div class="chronological-class">
              <div class="chronological-class-name">com.kisaan.customer.testcases.TC_01_Customer_SignUp</div> <!-- chronological-class-name -->
              <div class="configuration-suite after">
                <span class="method-name">openReport</span>
                <span class="method-start">1346800 ms</span>
              </div> <!-- configuration-suite after -->
          </div> <!-- main-panel-content rounded-window-bottom -->
        </div> <!-- panel -->
      </div> <!-- main-panel-root -->
    </div> <!-- wrapper -->
  </body>
</html>
